[1629886857312] INFO  (ext): SQLTools is starting
[1629886857313] INFO  (ext): initializing language client...
[1629886857315] INFO  (ext): Registering client for languages [{"scheme":"sqltools"},{"language":"sql","scheme":"untitled"},{"language":"sql","scheme":"file"},{"language":"sql","scheme":"sqltools"}]
    ns: "lc"
[1629886857317] INFO  (ext): loading plugins...
[1629886857318] INFO  (ext): registering Formatter Plugin.
    plugin: {
      "name": "Formatter Plugin"
    }
[1629886857318] INFO  (ext): registering Connection Manager Plugin.
    plugin: {
      "name": "Connection Manager Plugin"
    }
[1629886857318] INFO  (ext): registering CodeLens Plugin.
    plugin: {
      "name": "CodeLens Plugin",
      "registeredLanguages": []
    }
[1629886857319] INFO  (ext): registering Dependency Manager Plugin.
    plugin: {
      "name": "Dependency Manager Plugin",
      "installingDrivers": []
    }
[1629886857321] INFO  (ext): Connection explorer changed. Will be updated.
    ns: "conn-man:explorer"
[1629886857321] INFO  (ext): registering History Manager Plugin.
    plugin: {
      "name": "History Manager Plugin"
    }
[1629886857321] INFO  (ext): registering Bookmarks Manager Plugin.
    plugin: {
      "name": "Bookmarks Manager Plugin"
    }
[1629886857322] INFO  (ext): SQLTools activation completed. 9.722874 ms
[1629886857331] INFO  (ext): Formatter Plugin registered!
[1629886857331] INFO  (ext): CodeLens Plugin registered!
[1629886857331] INFO  (ext): Dependency Manager Plugin registered!
[1629886857332] INFO  (ext): Connection Manager Plugin registered!
[1629886857332] INFO  (ext): History Manager Plugin registered!
[1629886857332] INFO  (ext): Bookmarks Manager Plugin registered!
[1629886857395] INFO  (ext): EXECUTING COMMAND => sqltools.getConnections
[1629886857607] INFO  (ls): SQLTools Server started!
===============================
Using node runtime?: no
ExecPath: /opt/visual-studio-code/code 
===============================
[1629886857611] INFO  (ls): Telemetry enabled!
    ns: "telemetry"
[1629886857797] INFO  (ext): LanguageClient ready
    ns: "lc"
[1629886858613] INFO  (ext): registering SQLite Plugin (driver).
    plugin: {
      "extensionId": "mtxr.sqltools-driver-sqlite",
      "name": "SQLite Plugin",
      "type": "driver"
    }
[1629886858642] INFO  (ext): EXECUTING COMMAND => sqltools.openAddConnectionScreen
[1629886857806] INFO  (ls): REQUEST RECEIVED => connection/GetConnectionsRequest
[1629886858614] INFO  (ls): REQUEST RECEIVED => ls/RegisterPlugin
[1629886858614] INFO  (ls): request to register plugin: "/home/aditya/.vscode/extensions/mtxr.sqltools-driver-sqlite-0.2.0/out/ls/plugin.js"
[1629886858672] INFO  (ls): Driver sqlite registered!
    place: "driver-map"
    ns: "ls-context"
[1629886858678] INFO  (ext): SQLite Plugin (driver) registered!
[1629886859113] INFO  (ext): getting extension mtxr.sqltools-driver-sqlite information.
    ns: "ext-util"
[1629886859113] INFO  (ext): loaded extension information mtxr.sqltools-driver-sqlite for driver SQLite.
    ns: "ext-util"
[1629886859146] INFO  (ext): getting extension mtxr.sqltools-driver-sqlite information.
    ns: "ext-util"
[1629886859147] INFO  (ext): loaded extension information mtxr.sqltools-driver-sqlite for driver SQLite.
    ns: "ext-util"
[1629886859329] INFO  (ext): Connection explorer changed. Will be updated.
    ns: "conn-man:explorer"
[1629886859354] INFO  (ext): EXECUTING COMMAND => sqltools.getConnections
[1629886859357] INFO  (ls): REQUEST RECEIVED => connection/GetConnectionsRequest
[1629886860079] INFO  (ext): EXECUTING COMMAND => sqltools.refreshTree
[1629886860079] INFO  (ext): Connection explorer changed. Will be updated.
    ns: "conn-man:explorer"
[1629886860122] INFO  (ext): EXECUTING COMMAND => sqltools.getConnections
[1629886860124] INFO  (ls): REQUEST RECEIVED => connection/GetConnectionsRequest
[1629886875939] INFO  (ext): EXECUTING COMMAND => sqltools.testConnection
[1629886875941] INFO  (ls): REQUEST RECEIVED => connection/TestConnectionRequest
