[1629886233685] INFO  (ext): SQLTools is starting
[1629886233688] INFO  (ext): initializing language client...
[1629886233689] INFO  (ext): Registering client for languages [{"scheme":"sqltools"},{"language":"sql","scheme":"untitled"},{"language":"sql","scheme":"file"},{"language":"sql","scheme":"sqltools"}]
    ns: "lc"
[1629886233691] INFO  (ext): loading plugins...
[1629886233691] INFO  (ext): registering Formatter Plugin.
    plugin: {
      "name": "Formatter Plugin"
    }
[1629886233691] INFO  (ext): registering Connection Manager Plugin.
    plugin: {
      "name": "Connection Manager Plugin"
    }
[1629886233691] INFO  (ext): registering CodeLens Plugin.
    plugin: {
      "name": "CodeLens Plugin",
      "registeredLanguages": []
    }
[1629886233692] INFO  (ext): registering Dependency Manager Plugin.
    plugin: {
      "name": "Dependency Manager Plugin",
      "installingDrivers": []
    }
[1629886233693] INFO  (ext): Connection explorer changed. Will be updated.
    ns: "conn-man:explorer"
[1629886233693] INFO  (ext): registering History Manager Plugin.
    plugin: {
      "name": "History Manager Plugin"
    }
[1629886233693] INFO  (ext): registering Bookmarks Manager Plugin.
    plugin: {
      "name": "Bookmarks Manager Plugin"
    }
[1629886233694] INFO  (ext): SQLTools activation completed. 9.137027 ms
[1629886233694] INFO  (ext): Formatter Plugin registered!
[1629886233695] INFO  (ext): CodeLens Plugin registered!
[1629886233695] INFO  (ext): Dependency Manager Plugin registered!
[1629886233695] INFO  (ext): Connection Manager Plugin registered!
[1629886233695] INFO  (ext): History Manager Plugin registered!
[1629886233695] INFO  (ext): Bookmarks Manager Plugin registered!
[1629886233907] INFO  (ls): SQLTools Server started!
===============================
Using node runtime?: no
ExecPath: /opt/visual-studio-code/code 
===============================
[1629886233912] INFO  (ls): Telemetry enabled!
    ns: "telemetry"
[1629886233991] INFO  (ext): LanguageClient ready
    ns: "lc"
[1629886234695] INFO  (ext): registering SQLite Plugin (driver).
    plugin: {
      "extensionId": "mtxr.sqltools-driver-sqlite",
      "name": "SQLite Plugin",
      "type": "driver"
    }
[1629886234696] INFO  (ls): REQUEST RECEIVED => ls/RegisterPlugin
[1629886234696] INFO  (ls): request to register plugin: "/home/aditya/.vscode/extensions/mtxr.sqltools-driver-sqlite-0.2.0/out/ls/plugin.js"
[1629886234723] INFO  (ls): Driver sqlite registered!
    place: "driver-map"
    ns: "ls-context"
[1629886234756] INFO  (ext): SQLite Plugin (driver) registered!
[1629886235693] INFO  (ext): Connection explorer changed. Will be updated.
    ns: "conn-man:explorer"
[1629886235757] INFO  (ext): EXECUTING COMMAND => sqltools.refreshTree
[1629886235758] INFO  (ext): Connection explorer changed. Will be updated.
    ns: "conn-man:explorer"
[1629886252512] INFO  (ext): Connection explorer changed. Will be updated.
    ns: "conn-man:explorer"
[1629886442591] INFO  (ext): Connection explorer changed. Will be updated.
    ns: "conn-man:explorer"
[1629886493690] INFO  (ext): Connection explorer changed. Will be updated.
    ns: "conn-man:explorer"
[1629886542913] INFO  (ext): Connection explorer changed. Will be updated.
    ns: "conn-man:explorer"
[1629886638393] INFO  (ext): EXECUTING COMMAND => sqltools.getConnections
[1629886638395] INFO  (ls): REQUEST RECEIVED => connection/GetConnectionsRequest
[1629886639731] INFO  (ext): EXECUTING COMMAND => sqltools.openAddConnectionScreen
[1629886640039] INFO  (ext): getting extension mtxr.sqltools-driver-sqlite information.
    ns: "ext-util"
[1629886640040] INFO  (ext): loaded extension information mtxr.sqltools-driver-sqlite for driver SQLite.
    ns: "ext-util"
[1629886640050] INFO  (ext): getting extension mtxr.sqltools-driver-sqlite information.
    ns: "ext-util"
[1629886640050] INFO  (ext): loaded extension information mtxr.sqltools-driver-sqlite for driver SQLite.
    ns: "ext-util"
[1629886699383] INFO  (ext): EXECUTING COMMAND => sqltools.testConnection
[1629886699384] INFO  (ls): REQUEST RECEIVED => connection/TestConnectionRequest
[1629886720890] INFO  (ext): EXECUTING COMMAND => sqltools.refreshTree
[1629886720890] INFO  (ext): Connection explorer changed. Will be updated.
    ns: "conn-man:explorer"
[1629886720898] INFO  (ext): EXECUTING COMMAND => sqltools.getConnections
[1629886720899] INFO  (ls): REQUEST RECEIVED => connection/GetConnectionsRequest
[1629886727592] INFO  (ext): EXECUTING COMMAND => sqltools.testConnection
[1629886727593] INFO  (ls): REQUEST RECEIVED => connection/TestConnectionRequest
[1629886734773] INFO  (ext): EXECUTING COMMAND => sqltools.testConnection
[1629886734774] INFO  (ls): REQUEST RECEIVED => connection/TestConnectionRequest
[1629886764291] INFO  (ext): EXECUTING COMMAND => sqltools.testConnection
[1629886764297] INFO  (ls): REQUEST RECEIVED => connection/TestConnectionRequest
[1629886777593] INFO  (ext): EXECUTING COMMAND => sqltools.testConnection
[1629886777594] INFO  (ls): REQUEST RECEIVED => connection/TestConnectionRequest
[1629886780889] INFO  (ext): EXECUTING COMMAND => sqltools.testConnection
[1629886780890] INFO  (ls): REQUEST RECEIVED => connection/TestConnectionRequest
