Validating found git in: git
Using git 2.33.0 from git
Opening repository for path='/home/aditya/work/projects/cppsqlite' failed; ex=Failed to execute git {
  "exitCode": 128,
  "gitErrorCode": "NotAGitRepository",
  "gitCommand": "rev-parse",
  "stdout": "",
  "stderr": "fatal: not a git repository (or any parent up to mount point /)\nStopping at filesystem boundary (GIT_DISCOVERY_ACROSS_FILESYSTEM not set).\n"
}
Opening repository for path='/home/aditya/work/projects/cppsqlite' failed; ex=Failed to execute git {
  "exitCode": 128,
  "gitErrorCode": "NotAGitRepository",
  "gitCommand": "rev-parse",
  "stdout": "",
  "stderr": "fatal: not a git repository (or any parent up to mount point /)\nStopping at filesystem boundary (GIT_DISCOVERY_ACROSS_FILESYSTEM not set).\n"
}
Opening repository for path='/home/aditya/work/projects/cppsqlite/-- SQLite.sql' failed; ex=Error: spawn ENOTDIR
Opening repository for path='/home/aditya/work/projects/cppsqlite/a.out' failed; ex=Error: spawn ENOTDIR
Opening repository for path='/home/aditya/work/projects/cppsqlite/count.cpp' failed; ex=Error: spawn ENOTDIR
Opening repository for path='/home/aditya/work/projects/cppsqlite/createTable.cpp' failed; ex=Error: spawn ENOTDIR
Opening repository for path='/home/aditya/work/projects/cppsqlite/createdDB.cpp' failed; ex=Error: spawn ENOTDIR
Opening repository for path='/home/aditya/work/projects/cppsqlite/example.db' failed; ex=Error: spawn ENOTDIR
Opening repository for path='/home/aditya/work/projects/cppsqlite/insertDelete.cpp' failed; ex=Error: spawn ENOTDIR
Opening repository for path='/home/aditya/work/projects/cppsqlite/select.cpp' failed; ex=Error: spawn ENOTDIR
Opening repository for path='/home/aditya/work/projects/cppsqlite/tryCatch.cpp' failed; ex=Error: spawn ENOTDIR
Opening repository for path='/home/aditya/work/projects/cppsqlite' failed; ex=Failed to execute git {
  "exitCode": 128,
  "gitErrorCode": "NotAGitRepository",
  "gitCommand": "rev-parse",
  "stdout": "",
  "stderr": "fatal: not a git repository (or any parent up to mount point /)\nStopping at filesystem boundary (GIT_DISCOVERY_ACROSS_FILESYSTEM not set).\n"
}
Opening repository for path='/home/aditya/work/projects/cppsqlite' failed; ex=Failed to execute git {
  "exitCode": 128,
  "gitErrorCode": "NotAGitRepository",
  "gitCommand": "rev-parse",
  "stdout": "",
  "stderr": "fatal: not a git repository (or any parent up to mount point /)\nStopping at filesystem boundary (GIT_DISCOVERY_ACROSS_FILESYSTEM not set).\n"
}
