[1629887008622] INFO  (ext): SQLTools is starting
[1629887008622] INFO  (ext): initializing language client...
[1629887008623] INFO  (ext): Registering client for languages [{"scheme":"sqltools"},{"language":"sql","scheme":"untitled"},{"language":"sql","scheme":"file"},{"language":"sql","scheme":"sqltools"}]
    ns: "lc"
[1629887008625] INFO  (ext): loading plugins...
[1629887008625] INFO  (ext): registering Formatter Plugin.
    plugin: {
      "name": "Formatter Plugin"
    }
[1629887008625] INFO  (ext): registering Connection Manager Plugin.
    plugin: {
      "name": "Connection Manager Plugin"
    }
[1629887008625] INFO  (ext): registering CodeLens Plugin.
    plugin: {
      "name": "CodeLens Plugin",
      "registeredLanguages": []
    }
[1629887008626] INFO  (ext): registering Dependency Manager Plugin.
    plugin: {
      "name": "Dependency Manager Plugin",
      "installingDrivers": []
    }
[1629887008627] INFO  (ext): Connection explorer changed. Will be updated.
    ns: "conn-man:explorer"
[1629887008627] INFO  (ext): registering History Manager Plugin.
    plugin: {
      "name": "History Manager Plugin"
    }
[1629887008628] INFO  (ext): registering Bookmarks Manager Plugin.
    plugin: {
      "name": "Bookmarks Manager Plugin"
    }
[1629887008629] INFO  (ext): SQLTools activation completed. 6.760782 ms
[1629887008635] INFO  (ext): Formatter Plugin registered!
[1629887008635] INFO  (ext): CodeLens Plugin registered!
[1629887008635] INFO  (ext): Dependency Manager Plugin registered!
[1629887008636] INFO  (ext): Connection Manager Plugin registered!
[1629887008636] INFO  (ext): History Manager Plugin registered!
[1629887008636] INFO  (ext): Bookmarks Manager Plugin registered!
[1629887008806] INFO  (ls): SQLTools Server started!
===============================
Using node runtime?: no
ExecPath: /opt/visual-studio-code/code 
===============================
[1629887008810] INFO  (ls): Telemetry enabled!
    ns: "telemetry"
[1629887008895] INFO  (ext): LanguageClient ready
    ns: "lc"
[1629887009645] INFO  (ext): EXECUTING COMMAND => sqltools.refreshTree
[1629887009645] INFO  (ext): Connection explorer changed. Will be updated.
    ns: "conn-man:explorer"
[1629887010628] INFO  (ext): Connection explorer changed. Will be updated.
    ns: "conn-man:explorer"
[1629887012084] INFO  (ext): EXECUTING COMMAND => sqltools.getConnections
[1629887012085] INFO  (ls): REQUEST RECEIVED => connection/GetConnectionsRequest
