[1629886985973] INFO  (ext): SQLTools is starting
[1629886985974] INFO  (ext): initializing language client...
[1629886985975] INFO  (ext): Registering client for languages [{"scheme":"sqltools"},{"language":"sql","scheme":"untitled"},{"language":"sql","scheme":"file"},{"language":"sql","scheme":"sqltools"}]
    ns: "lc"
[1629886985977] INFO  (ext): loading plugins...
[1629886985977] INFO  (ext): registering Formatter Plugin.
    plugin: {
      "name": "Formatter Plugin"
    }
[1629886985977] INFO  (ext): registering Connection Manager Plugin.
    plugin: {
      "name": "Connection Manager Plugin"
    }
[1629886985978] INFO  (ext): registering CodeLens Plugin.
    plugin: {
      "name": "CodeLens Plugin",
      "registeredLanguages": []
    }
[1629886985978] INFO  (ext): registering Dependency Manager Plugin.
    plugin: {
      "name": "Dependency Manager Plugin",
      "installingDrivers": []
    }
[1629886985979] INFO  (ext): Connection explorer changed. Will be updated.
    ns: "conn-man:explorer"
[1629886985980] INFO  (ext): registering History Manager Plugin.
    plugin: {
      "name": "History Manager Plugin"
    }
[1629886985980] INFO  (ext): registering Bookmarks Manager Plugin.
    plugin: {
      "name": "Bookmarks Manager Plugin"
    }
[1629886985981] INFO  (ext): SQLTools activation completed. 7.82545 ms
[1629886985989] INFO  (ext): Formatter Plugin registered!
[1629886985990] INFO  (ext): CodeLens Plugin registered!
[1629886985990] INFO  (ext): Dependency Manager Plugin registered!
[1629886985991] INFO  (ext): Connection Manager Plugin registered!
[1629886985992] INFO  (ext): History Manager Plugin registered!
[1629886985992] INFO  (ext): Bookmarks Manager Plugin registered!
[1629886986247] INFO  (ls): SQLTools Server started!
===============================
Using node runtime?: no
ExecPath: /opt/visual-studio-code/code 
===============================
[1629886986253] INFO  (ls): Telemetry enabled!
    ns: "telemetry"
[1629886986355] INFO  (ext): LanguageClient ready
    ns: "lc"
[1629886986992] INFO  (ext): EXECUTING COMMAND => sqltools.refreshTree
[1629886986993] INFO  (ext): Connection explorer changed. Will be updated.
    ns: "conn-man:explorer"
[1629886987980] INFO  (ext): Connection explorer changed. Will be updated.
    ns: "conn-man:explorer"
