[1629885294742] INFO  (ext): SQLTools is starting
[1629885294743] INFO  (ext): initializing language client...
[1629885294744] INFO  (ext): Registering client for languages [{"scheme":"sqltools"},{"language":"sql","scheme":"untitled"},{"language":"sql","scheme":"file"},{"language":"sql","scheme":"sqltools"}]
    ns: "lc"
[1629885294746] INFO  (ext): loading plugins...
[1629885294746] INFO  (ext): registering Formatter Plugin.
    plugin: {
      "name": "Formatter Plugin"
    }
[1629885294746] INFO  (ext): registering Connection Manager Plugin.
    plugin: {
      "name": "Connection Manager Plugin"
    }
[1629885294747] INFO  (ext): registering CodeLens Plugin.
    plugin: {
      "name": "CodeLens Plugin",
      "registeredLanguages": []
    }
[1629885294748] INFO  (ext): registering Dependency Manager Plugin.
    plugin: {
      "name": "Dependency Manager Plugin",
      "installingDrivers": []
    }
[1629885294749] INFO  (ext): Connection explorer changed. Will be updated.
    ns: "conn-man:explorer"
[1629885294749] INFO  (ext): registering History Manager Plugin.
    plugin: {
      "name": "History Manager Plugin"
    }
[1629885294749] INFO  (ext): registering Bookmarks Manager Plugin.
    plugin: {
      "name": "Bookmarks Manager Plugin"
    }
[1629885294750] INFO  (ext): SQLTools activation completed. 7.820821 ms
[1629885294751] INFO  (ext): Formatter Plugin registered!
[1629885294751] INFO  (ext): CodeLens Plugin registered!
[1629885294751] INFO  (ext): Dependency Manager Plugin registered!
[1629885294752] INFO  (ext): Connection Manager Plugin registered!
[1629885294752] INFO  (ext): History Manager Plugin registered!
[1629885294752] INFO  (ext): Bookmarks Manager Plugin registered!
[1629885294983] INFO  (ls): SQLTools Server started!
===============================
Using node runtime?: no
ExecPath: /opt/visual-studio-code/code 
===============================
[1629885294989] INFO  (ls): Telemetry enabled!
    ns: "telemetry"
[1629885295025] INFO  (ext): LanguageClient ready
    ns: "lc"
[1629885295036] INFO  (ext): registering SQLite Plugin (driver).
    plugin: {
      "extensionId": "mtxr.sqltools-driver-sqlite",
      "name": "SQLite Plugin",
      "type": "driver"
    }
[1629885295037] INFO  (ls): REQUEST RECEIVED => ls/RegisterPlugin
[1629885295037] INFO  (ls): request to register plugin: "/home/aditya/.vscode/extensions/mtxr.sqltools-driver-sqlite-0.2.0/out/ls/plugin.js"
[1629885295071] INFO  (ls): Driver sqlite registered!
    place: "driver-map"
    ns: "ls-context"
[1629885295696] INFO  (ext): SQLite Plugin (driver) registered!
[1629885296696] INFO  (ext): EXECUTING COMMAND => sqltools.refreshTree
[1629885296697] INFO  (ext): Connection explorer changed. Will be updated.
    ns: "conn-man:explorer"
[1629885296750] INFO  (ext): Connection explorer changed. Will be updated.
    ns: "conn-man:explorer"
[1629885316450] INFO  (ext): Connection explorer changed. Will be updated.
    ns: "conn-man:explorer"
[1629885333810] INFO  (ext): Connection explorer changed. Will be updated.
    ns: "conn-man:explorer"
[1629885336289] INFO  (ext): Connection explorer changed. Will be updated.
    ns: "conn-man:explorer"
[1629885361296] INFO  (ext): Connection explorer changed. Will be updated.
    ns: "conn-man:explorer"
[1629885369867] INFO  (ext): Connection explorer changed. Will be updated.
    ns: "conn-man:explorer"
[1629885376147] INFO  (ext): Connection explorer changed. Will be updated.
    ns: "conn-man:explorer"
[1629885461779] INFO  (ext): Connection explorer changed. Will be updated.
    ns: "conn-man:explorer"
