[Info  - 09:24:54.886] Reading sessions from keychain...
[Info  - 09:24:54.886] Reading sessions from keychain...
[Info  - 09:24:54.911] Getting sessions for all scopes...
[Info  - 09:24:54.911] Getting sessions for all scopes...
[Trace  - 09:24:54.998] Token acquired from secret storage.
[Info  - 09:24:54.998] Got stored sessions!
[Info  - 09:24:54.998] Getting user info...
[Info  - 09:24:55.26] Getting sessions for read:user...
[Info  - 09:24:55.26] Getting sessions for read:user,user:email,repo...
[Info  - 09:24:56.345] Got account info!
[Info  - 09:24:56.345] Verified session with the following scopes: read:user
[Trace  - 09:24:56.345] Read the following session from the keychain with the following scopes: read:user
[Info  - 09:24:56.345] Got 1 verified sessions.
[Info  - 09:24:56.345] Got 1 sessions for all scopes...
[Info  - 09:24:56.345] Got 1 sessions for all scopes...
[Info  - 09:24:56.345] Got 1 sessions for read:user...
[Info  - 09:24:56.345] Got 0 sessions for read:user,repo,user:email...
[Info  - 09:25:00.123] Getting sessions for read:user,user:email...
[Info  - 09:25:00.123] Got 0 sessions for read:user,user:email...
[Info  - 09:25:06.147] Getting sessions for all scopes...
[Info  - 09:25:06.147] Getting sessions for all scopes...
[Info  - 09:25:06.147] Got 1 sessions for all scopes...
[Info  - 09:25:06.147] Got 0 sessions for all scopes...
[Info  - 09:25:13.254] Getting sessions for all scopes...
[Info  - 09:25:13.254] Got 1 sessions for all scopes...
[Info  - 09:25:15.407] Getting sessions for all scopes...
[Info  - 09:25:15.407] Got 1 sessions for all scopes...
