[2021-08-25 18:26:58.341] [sharedprocess] [info] ms-vsliveshare.vsliveshare 1.0.4761 Running post uninstall script
[2021-08-25 18:26:58.501] [sharedprocess] [error] ms-vsliveshare.vsliveshare 1.0.4761 post-uninstall internal/modules/cjs/loader.js:937
  throw err;
  ^

Error: Cannot find module '@vs/vscode-command-framework'
Require stack:
- /home/aditya/.vscode/extensions/ms-vsliveshare.vsliveshare-1.0.4761/out/prod/uninstall.js
    at Function.Module._resolveFilename (internal/modules/cjs/loader.js:934:15)
    at Module._load (internal/modules/cjs/loader.js:779:27)
    at Function.f._load (electron/js2c/asar_bundle.js:5:12913)
    at Module.require (internal/modules/cjs/loader.js:1006:19)
    at require (internal/modules/cjs/helpers.js:88:18)
    at Object.<anonymous> (/home/aditya/.vscode/extensions/ms-vsliveshare.vsliveshare-1.0.4761/out/prod/uninstall.js:4:36)
    at Module._compile (internal/modules/cjs/loader.js:1125:30)
    at Object.Module._extensions..js (internal/modules/cjs/loader.js:1155:10)
    at Module.load (internal/modules/cjs/loader.js:982:32)
    at Module._load (internal/modules/cjs/loader.js:823:14) {
  code: 'MODULE_NOT_FOUND',
  requireStack: [
    '/home/aditya/.vscode/extensions/ms-vsliveshare.vsliveshare-1.0.4761/out/prod/uninstall.js'
  ]
}

[2021-08-25 18:26:58.505] [sharedprocess] [error] ms-vsliveshare.vsliveshare 1.0.4761 Failed to run post uninstall script: post-uninstall process exited with code 1
[2021-08-25 18:26:58.852] [sharedprocess] [info] Deleted from disk ms-vscode.cpptools-extension-pack /home/aditya/.vscode/extensions/ms-vscode.cpptools-extension-pack-1.0.0
[2021-08-25 18:26:59.067] [sharedprocess] [info] Deleted from disk ms-vscode-remote.remote-ssh-edit /home/aditya/.vscode/extensions/ms-vscode-remote.remote-ssh-edit-0.65.7
[2021-08-25 18:26:59.070] [sharedprocess] [info] Deleted from disk ms-vscode.cpptools-themes /home/aditya/.vscode/extensions/ms-vscode.cpptools-themes-1.0.0
[2021-08-25 18:26:59.153] [sharedprocess] [info] Deleted from disk ms-vscode-remote.remote-wsl /home/aditya/.vscode/extensions/ms-vscode-remote.remote-wsl-0.58.2
[2021-08-25 18:26:59.155] [sharedprocess] [info] Deleted from disk mtxr.sqltools /home/aditya/.vscode/extensions/mtxr.sqltools-0.23.0
[2021-08-25 18:26:59.157] [sharedprocess] [info] Deleted from disk mtxr.sqltools-driver-sqlite /home/aditya/.vscode/extensions/mtxr.sqltools-driver-sqlite-0.2.0
[2021-08-25 18:26:59.260] [sharedprocess] [info] Deleted from disk ms-vscode-remote.remote-ssh /home/aditya/.vscode/extensions/ms-vscode-remote.remote-ssh-0.65.7
[2021-08-25 18:26:59.345] [sharedprocess] [info] Deleted from disk ms-vscode.cmake-tools /home/aditya/.vscode/extensions/ms-vscode.cmake-tools-1.7.3
[2021-08-25 18:26:59.634] [sharedprocess] [info] Deleted from disk cschlosser.doxdocgen /home/aditya/.vscode/extensions/cschlosser.doxdocgen-1.3.2
[2021-08-25 18:26:59.649] [sharedprocess] [info] Deleted from disk ms-toolsai.jupyter /home/aditya/.vscode/extensions/ms-toolsai.jupyter-2021.8.1236758218
[2021-08-25 18:26:59.792] [sharedprocess] [info] Deleted from disk ms-vsliveshare.vsliveshare-audio /home/aditya/.vscode/extensions/ms-vsliveshare.vsliveshare-audio-0.1.91
[2021-08-25 18:26:59.996] [sharedprocess] [info] Deleted from disk ms-vsliveshare.vsliveshare /home/aditya/.vscode/extensions/ms-vsliveshare.vsliveshare-1.0.4761
[2021-08-25 18:27:00.036] [sharedprocess] [info] Deleted from disk twxs.cmake /home/aditya/.vscode/extensions/twxs.cmake-0.0.17
[2021-08-25 18:27:00.077] [sharedprocess] [info] Deleted from disk ms-vscode-remote.remote-containers /home/aditya/.vscode/extensions/ms-vscode-remote.remote-containers-0.191.1
[2021-08-25 18:27:00.084] [sharedprocess] [info] Deleted from disk github.vscode-pull-request-github /home/aditya/.vscode/extensions/github.vscode-pull-request-github-0.29.2
[2021-08-25 18:27:00.089] [sharedprocess] [info] Deleted from disk jeff-hykin.better-cpp-syntax /home/aditya/.vscode/extensions/jeff-hykin.better-cpp-syntax-1.15.6
[2021-08-25 18:27:07.980] [sharedprocess] [info] [logs cleanup]: Starting to clean up old logs.
[2021-08-25 18:27:07.981] [sharedprocess] [info] [logs cleanup]: Removing log folders '20210823T180903, 20210824T142203, 20210824T152036, 20210824T162049, 20210824T163931, 20210825T131126'
[2021-08-25 18:27:27.982] [sharedprocess] [info] [code cache cleanup]: Starting to clean up old code cache folders.
[2021-08-25 18:27:27.983] [sharedprocess] [info] [storage cleanup]: Starting to clean up storage folders.
[2021-08-25 18:27:27.985] [sharedprocess] [info] [storage cleanup]: Deleting storage folder 1629886855000.
[2021-08-25 18:27:27.985] [sharedprocess] [info] [storage cleanup]: Deleting storage folder 1629887007594.
[2021-08-25 18:27:27.985] [sharedprocess] [info] [storage cleanup]: Deleting storage folder 1629887038553.
[2021-08-25 18:27:27.985] [sharedprocess] [info] [storage cleanup]: Deleting storage folder 1629889768391.
[2021-08-25 18:27:37.983] [sharedprocess] [info] [language pack cache cleanup]: Starting to clean up unused language packs.
