[2021-08-25 18:26:58.088] [settingssync] [info] Using settings sync service https://vscode-sync.trafficmanager.net/
[2021-08-25 18:26:58.088] [settingssync] [info] Auto Sync is enabled.
[2021-08-25 18:26:58.088] [settingssync] [info] Auto Sync: Suspended until auth token is available.
[2021-08-25 18:26:59.845] [settingssync] [info] Auto Sync: Started
[2021-08-25 18:26:59.846] [settingssync] [info] Auto Sync: Triggered by Interval
[2021-08-25 18:27:00.516] [settingssync] [info] Settings: No changes found during synchronizing settings.
[2021-08-25 18:27:00.530] [settingssync] [info] Keybindings: No changes found during synchronizing keybindings.
[2021-08-25 18:27:00.541] [settingssync] [info] Snippets: No changes found during synchronizing snippets.
[2021-08-25 18:27:00.564] [settingssync] [info] GlobalState: No changes found during synchronizing ui state.
[2021-08-25 18:27:00.693] [settingssync] [info] Extensions: No changes found during synchronizing extensions.
[2021-08-25 18:27:00.694] [settingssync] [info] Sync done. Took 198ms
[2021-08-25 18:32:00.700] [settingssync] [info] Auto Sync: Triggered by Interval
[2021-08-25 18:32:01.197] [settingssync] [info] Settings: No changes found during synchronizing settings.
[2021-08-25 18:32:01.199] [settingssync] [info] Keybindings: No changes found during synchronizing keybindings.
[2021-08-25 18:32:01.201] [settingssync] [info] Snippets: No changes found during synchronizing snippets.
[2021-08-25 18:32:01.217] [settingssync] [info] GlobalState: No changes found during synchronizing ui state.
[2021-08-25 18:32:01.270] [settingssync] [info] Extensions: No changes found during synchronizing extensions.
[2021-08-25 18:32:01.271] [settingssync] [info] Sync done. Took 82ms
[2021-08-25 18:37:01.274] [settingssync] [info] Auto Sync: Triggered by Interval
[2021-08-25 18:37:01.840] [settingssync] [info] Settings: No changes found during synchronizing settings.
[2021-08-25 18:37:01.846] [settingssync] [info] Keybindings: No changes found during synchronizing keybindings.
[2021-08-25 18:37:01.851] [settingssync] [info] Snippets: No changes found during synchronizing snippets.
[2021-08-25 18:37:01.880] [settingssync] [info] GlobalState: No changes found during synchronizing ui state.
[2021-08-25 18:37:01.929] [settingssync] [info] Extensions: No changes found during synchronizing extensions.
[2021-08-25 18:37:01.931] [settingssync] [info] Sync done. Took 98ms
