[1629885012440] INFO  (ext): SQLTools is starting
[1629885012441] INFO  (ext): initializing language client...
[1629885012442] INFO  (ext): Registering client for languages [{"scheme":"sqltools"},{"language":"sql","scheme":"untitled"},{"language":"sql","scheme":"file"},{"language":"sql","scheme":"sqltools"}]
    ns: "lc"
[1629885012445] INFO  (ext): loading plugins...
[1629885012445] INFO  (ext): registering Formatter Plugin.
    plugin: {
      "name": "Formatter Plugin"
    }
[1629885012445] INFO  (ext): registering Connection Manager Plugin.
    plugin: {
      "name": "Connection Manager Plugin"
    }
[1629885012445] INFO  (ext): registering CodeLens Plugin.
    plugin: {
      "name": "CodeLens Plugin",
      "registeredLanguages": []
    }
[1629885012447] INFO  (ext): registering Dependency Manager Plugin.
    plugin: {
      "name": "Dependency Manager Plugin",
      "installingDrivers": []
    }
[1629885012448] INFO  (ext): Connection explorer changed. Will be updated.
    ns: "conn-man:explorer"
[1629885012448] INFO  (ext): registering History Manager Plugin.
    plugin: {
      "name": "History Manager Plugin"
    }
[1629885012449] INFO  (ext): registering Bookmarks Manager Plugin.
    plugin: {
      "name": "Bookmarks Manager Plugin"
    }
[1629885012450] INFO  (ext): SQLTools activation completed. 9.745457 ms
[1629885012451] INFO  (ext): Formatter Plugin registered!
[1629885012451] INFO  (ext): CodeLens Plugin registered!
[1629885012451] INFO  (ext): Dependency Manager Plugin registered!
[1629885012451] INFO  (ext): Connection Manager Plugin registered!
[1629885012452] INFO  (ext): History Manager Plugin registered!
[1629885012452] INFO  (ext): Bookmarks Manager Plugin registered!
[1629885012688] INFO  (ls): SQLTools Server started!
===============================
Using node runtime?: no
ExecPath: /opt/visual-studio-code/code 
===============================
[1629885012696] INFO  (ls): Telemetry enabled!
    ns: "telemetry"
[1629885012743] INFO  (ext): LanguageClient ready
    ns: "lc"
[1629885012850] INFO  (ext): registering SQLite Plugin (driver).
    plugin: {
      "extensionId": "mtxr.sqltools-driver-sqlite",
      "name": "SQLite Plugin",
      "type": "driver"
    }
[1629885012851] INFO  (ls): REQUEST RECEIVED => ls/RegisterPlugin
[1629885012851] INFO  (ls): request to register plugin: "/home/aditya/.vscode/extensions/mtxr.sqltools-driver-sqlite-0.2.0/out/ls/plugin.js"
[1629885012877] INFO  (ls): Driver sqlite registered!
    place: "driver-map"
    ns: "ls-context"
[1629885012926] INFO  (ext): SQLite Plugin (driver) registered!
[1629885013933] INFO  (ext): EXECUTING COMMAND => sqltools.refreshTree
[1629885013933] INFO  (ext): Connection explorer changed. Will be updated.
    ns: "conn-man:explorer"
[1629885014449] INFO  (ext): Connection explorer changed. Will be updated.
    ns: "conn-man:explorer"
