[Info  - 09:10:21.99] Reading sessions from keychain...
[Info  - 09:10:21.99] Reading sessions from keychain...
[Info  - 09:10:21.104] Getting sessions for all scopes...
[Info  - 09:10:21.256] Getting sessions for all scopes...
[Info  - 09:10:21.256] Getting sessions for read:user...
[Info  - 09:10:21.256] Got 0 sessions for all scopes...
[Info  - 09:10:21.256] Got 0 sessions for all scopes...
[Info  - 09:10:21.256] Got 0 sessions for read:user...
[Info  - 09:10:25.380] Getting sessions for read:user...
[Info  - 09:10:25.380] Got 0 sessions for read:user...
[Info  - 09:10:27.386] Logging in for the following scopes: read:user
[Trace  - 09:10:55.36] Handling Uri...
[Info  - 09:10:55.36] Exchanging code for token...
[Info  - 09:10:56.172] Token exchange success!
[Info  - 09:10:56.174] Getting user info...
[Info  - 09:10:56.756] Got account info!
[Info  - 09:10:56.756] Storing 1 sessions...
[Info  - 09:10:58.906] Reading sessions from keychain...
[Info  - 09:10:58.906] Reading sessions from keychain...
[Info  - 09:10:58.906] Stored 1 sessions!
[Info  - 09:10:58.906] Login success!
[Trace  - 09:10:58.922] Token acquired from secret storage.
[Info  - 09:10:58.922] Got stored sessions!
[Trace  - 09:10:58.922] Read the following session from the keychain with the following scopes: read:user
[Info  - 09:10:58.922] Got 1 verified sessions.
[Info  - 09:10:58.923] Getting sessions for all scopes...
[Info  - 09:10:58.923] Got 1 sessions for all scopes...
